<?xml version="1.0" encoding="UTF-8"?>
<!-- Generated by org.testng.reporters.JUnitReportReporter -->
<testsuite hostname="LAPTOP-SCQOJ5A4" failures="0" tests="2" name="Selenium.Figosoft.testing.driverTestClass.ExecutionEngine" time="45.105" errors="0" timestamp="2020-01-15T20:45:58 IST" skipped="0">
  <testcase classname="Selenium.Figosoft.testing.driverTestClass.ExecutionEngine" name="amazonTest" time="23.264"/>
  <testcase classname="Selenium.Figosoft.testing.driverTestClass.ExecutionEngine" name="flipkartTest" time="21.841"/>
</testsuite> <!-- Selenium.Figosoft.testing.driverTestClass.ExecutionEngine -->
